<?xml version="1.0" encoding="UTF-8"?>
<!-- Generated by org.testng.reporters.JUnitReportReporter -->
<testsuite skipped="0" hostname="DESKTOP-8BOHQPS" name="gov.usd.tests.NarimaTest" tests="4" failures="0" timestamp="29 Jul 2018 23:04:05 GMT" time="9.747" errors="0">
  <testcase name="verificationTitle" time="3.651" classname="gov.usd.tests.NarimaTest"/>
  <testcase name="hoverOver" time="0.281" classname="gov.usd.tests.NarimaTest"/>
  <testcase name="statesUrl" time="0.009" classname="gov.usd.tests.NarimaTest"/>
  <testcase name="sortAwardedAmount" time="5.806" classname="gov.usd.tests.NarimaTest"/>
</testsuite> <!-- gov.usd.tests.NarimaTest -->
