<?xml version="1.0" encoding="UTF-8"?>
<!-- Generated by org.testng.reporters.JUnitReportReporter -->
<testsuite skipped="0" hostname="DESKTOP-8BOHQPS" name="gov.usd.tests.SPA_261_TC" tests="2" failures="0" timestamp="31 Jul 2018 21:46:49 GMT" time="1.753" errors="0">
  <testcase name="titleVerification" time="1.707" classname="gov.usd.tests.SPA_261_TC"/>
  <testcase name="logoVerification" time="0.046" classname="gov.usd.tests.SPA_261_TC"/>
</testsuite> <!-- gov.usd.tests.SPA_261_TC -->
